c:\users\paweł\desktop\library\library\debug\vc120.pdb
c:\users\paweł\desktop\library\library\debug\source.obj
c:\users\paweł\desktop\library\library\debug\search.obj
c:\users\paweł\desktop\library\library\debug\informations.obj
c:\users\paweł\desktop\library\library\debug\borrow.obj
c:\users\paweł\desktop\library\library\debug\catalog.obj
c:\users\paweł\desktop\library\library\debug\admin.obj
c:\users\paweł\desktop\jpwp-20190323t111615z-001\jpwp\library\library\debug\vc141.pdb
c:\users\paweł\desktop\jpwp-20190323t111615z-001\jpwp\library\library\debug\search.obj
c:\users\paweł\desktop\jpwp-20190323t111615z-001\jpwp\library\library\debug\informations.obj
c:\users\paweł\desktop\jpwp-20190323t111615z-001\jpwp\library\library\debug\catalog.obj
c:\users\paweł\desktop\jpwp-20190323t111615z-001\jpwp\library\library\debug\borrow.obj
c:\users\paweł\desktop\jpwp-20190323t111615z-001\jpwp\library\library\debug\admin.obj
c:\users\paweł\desktop\jpwp-20190323t111615z-001\jpwp\library\library\debug\source.obj
c:\users\paweł\desktop\jpwp-20190323t111615z-001\jpwp\library\library\debug\.netframework,version=v4.5.assemblyattributes.obj
c:\users\paweł\desktop\jpwp-20190323t111615z-001\jpwp\library\library\debug\.netframework,version=v4.5.assemblyattributes.asm
c:\users\paweł\desktop\library\library\debug\library.borrow.resources
c:\users\paweł\desktop\library\library\debug\library.informations.resources
c:\users\paweł\desktop\library\library\debug\library.search.resources
c:\users\paweł\desktop\jpwp-20190323t111615z-001\jpwp\library\library\debug\library.borrow.resources
c:\users\paweł\desktop\jpwp-20190323t111615z-001\jpwp\library\library\debug\library.informations.resources
c:\users\paweł\desktop\jpwp-20190323t111615z-001\jpwp\library\library\debug\library.search.resources
c:\users\paweł\desktop\library\debug\library.exe
c:\users\paweł\desktop\library\debug\library.pdb
c:\users\paweł\desktop\jpwp-20190323t111615z-001\jpwp\library\library\debug\library.vcxproj.generateresource.cache
c:\users\paweł\desktop\jpwp-20190323t111615z-001\jpwp\library\library\debug\library.vcxprojassemblyreference.cache
c:\users\paweł\desktop\jpwp-20190323t111615z-001\jpwp\library\library\debug\library.vcxprojresolveassemblyreference.cache
c:\users\paweł\desktop\jpwp-20190323t111615z-001\jpwp\library\library\debug\vc120.pdb
c:\users\paweł\desktop\jpwp-20190323t111615z-001\jpwp\library\debug\library.pdb
c:\users\paweł\desktop\jpwp-20190323t111615z-001\jpwp\library\debug\library.exe
c:\users\paweł\desktop\jpwp-20190323t111615z-001\jpwp\library\library\debug\library.tlog\cl.command.1.tlog
c:\users\paweł\desktop\jpwp-20190323t111615z-001\jpwp\library\library\debug\library.tlog\cl.read.1.tlog
c:\users\paweł\desktop\jpwp-20190323t111615z-001\jpwp\library\library\debug\library.tlog\cl.write.1.tlog
c:\users\paweł\desktop\jpwp-20190323t111615z-001\jpwp\library\library\debug\library.tlog\library.write.1u.tlog
c:\users\paweł\desktop\jpwp-20190323t111615z-001\jpwp\library\library\debug\library.tlog\link.command.1.tlog
c:\users\paweł\desktop\jpwp-20190323t111615z-001\jpwp\library\library\debug\library.tlog\link.read.1.tlog
c:\users\paweł\desktop\jpwp-20190323t111615z-001\jpwp\library\library\debug\library.tlog\link.write.1.tlog
c:\users\paweł\desktop\jpwp-20190323t111615z-001\jpwp\library\library\debug\library.tlog\metagen.read.1.tlog
c:\users\paweł\desktop\jpwp-20190323t111615z-001\jpwp\library\library\debug\library.tlog\metagen.write.1.tlog
c:\users\paweł\desktop\jpwp-20190323t111615z-001\jpwp\library\library\debug\library.tlog\tzres.dll.bi
